<?xml version="1.0" encoding="UTF-8"?>
<!-- Generated by org.testng.reporters.JUnitReportReporter -->
<testsuite hostname="lap-marcelot" failures="0" tests="1" name="Testes.TestaEmprestimo" time="0.018" errors="0" timestamp="27 out. 2020 22:41:27 GMT" skipped="0">
  <testcase classname="Testes.TestaEmprestimo" name="testaListaEmprestimo" time="0.018"/>
</testsuite> <!-- Testes.TestaEmprestimo -->
